# JRE version: OpenJDK Runtime Environment (11.0.12+7) (build 11.0.12+7-b1504.28-7817840)
# Java VM: OpenJDK 64-Bit Server VM (11.0.12+7-b1504.28-7817840, mixed mode, tiered, compressed oops, g1 gc, windows-amd64)
Heap:
 garbage-first heap   total 273408K, used 220314K [0x0000000080000000, 0x0000000100000000)
  region size 1024K, 109 young (111616K), 12 survivors (12288K)
 Metaspace       used 126632K, capacity 129979K, committed 130328K, reserved 1163264K
  class space    used 15614K, capacity 16894K, committed 16996K, reserved 1048576K
GC Heap History (20 events):
Event: 28.642 GC heap before
{Heap before GC invocations=29 (full 0):
 garbage-first heap   total 273408K, used 120449K [0x0000000080000000, 0x0000000100000000)
  region size 1024K, 13 young (13312K), 3 survivors (3072K)
 Metaspace       used 118503K, capacity 121555K, committed 121752K, reserved 1155072K
  class space    used 14923K, capacity 16083K, committed 16100K, reserved 1048576K
}
Event: 28.651 GC heap after
{Heap after GC invocations=30 (full 0):
 garbage-first heap   total 273408K, used 104109K [0x0000000080000000, 0x0000000100000000)
  region size 1024K, 2 young (2048K), 2 survivors (2048K)
 Metaspace       used 118503K, capacity 121555K, committed 121752K, reserved 1155072K
  class space    used 14923K, capacity 16083K, committed 16100K, reserved 1048576K
}
Event: 807.416 GC heap before
{Heap before GC invocations=30 (full 0):
 garbage-first heap   total 273408K, used 228013K [0x0000000080000000, 0x0000000100000000)
  region size 1024K, 107 young (109568K), 2 survivors (2048K)
 Metaspace       used 122579K, capacity 125777K, committed 125976K, reserved 1159168K
  class space    used 15441K, capacity 16714K, committed 16740K, reserved 1048576K
}
Event: 807.436 GC heap after
{Heap after GC invocations=31 (full 0):
 garbage-first heap   total 273408K, used 111011K [0x0000000080000000, 0x0000000100000000)
  region size 1024K, 9 young (9216K), 9 survivors (9216K)
 Metaspace       used 122579K, capacity 125777K, committed 125976K, reserved 1159168K
  class space    used 15441K, capacity 16714K, committed 16740K, reserved 1048576K
}
Event: 810.202 GC heap before
{Heap before GC invocations=32 (full 0):
 garbage-first heap   total 273408K, used 233891K [0x0000000080000000, 0x0000000100000000)
  region size 1024K, 111 young (113664K), 9 survivors (9216K)
 Metaspace       used 122602K, capacity 125659K, committed 126232K, reserved 1159168K
  class space    used 15369K, capacity 16580K, committed 16740K, reserved 1048576K
}
Event: 810.219 GC heap after
{Heap after GC invocations=33 (full 0):
 garbage-first heap   total 273408K, used 113232K [0x0000000080000000, 0x0000000100000000)
  region size 1024K, 5 young (5120K), 5 survivors (5120K)
 Metaspace       used 122602K, capacity 125659K, committed 126232K, reserved 1159168K
  class space    used 15369K, capacity 16580K, committed 16740K, reserved 1048576K
}
Event: 810.244 GC heap before
{Heap before GC invocations=33 (full 0):
 garbage-first heap   total 273408K, used 120400K [0x0000000080000000, 0x0000000100000000)
  region size 1024K, 13 young (13312K), 5 survivors (5120K)
 Metaspace       used 122615K, capacity 125659K, committed 126232K, reserved 1159168K
  class space    used 15369K, capacity 16580K, committed 16740K, reserved 1048576K
}
Event: 810.254 GC heap after
{Heap after GC invocations=34 (full 0):
 garbage-first heap   total 273408K, used 109145K [0x0000000080000000, 0x0000000100000000)
  region size 1024K, 1 young (1024K), 1 survivors (1024K)
 Metaspace       used 122615K, capacity 125659K, committed 126232K, reserved 1159168K
  class space    used 15369K, capacity 16580K, committed 16740K, reserved 1048576K
}
Event: 811.967 GC heap before
{Heap before GC invocations=34 (full 0):
 garbage-first heap   total 273408K, used 219737K [0x0000000080000000, 0x0000000100000000)
  region size 1024K, 105 young (107520K), 1 survivors (1024K)
 Metaspace       used 123632K, capacity 126775K, committed 127256K, reserved 1159168K
  class space    used 15404K, capacity 16600K, committed 16740K, reserved 1048576K
}
Event: 811.980 GC heap after
{Heap after GC invocations=35 (full 0):
 garbage-first heap   total 273408K, used 119347K [0x0000000080000000, 0x0000000100000000)
  region size 1024K, 9 young (9216K), 9 survivors (9216K)
 Metaspace       used 123632K, capacity 126775K, committed 127256K, reserved 1159168K
  class space    used 15404K, capacity 16600K, committed 16740K, reserved 1048576K
}
Event: 812.907 GC heap before
{Heap before GC invocations=35 (full 0):
 garbage-first heap   total 273408K, used 183859K [0x0000000080000000, 0x0000000100000000)
  region size 1024K, 62 young (63488K), 9 survivors (9216K)
 Metaspace       used 123914K, capacity 126993K, committed 127256K, reserved 1159168K
  class space    used 15404K, capacity 16601K, committed 16740K, reserved 1048576K
}
Event: 812.912 GC heap after
{Heap after GC invocations=36 (full 0):
 garbage-first heap   total 273408K, used 116127K [0x0000000080000000, 0x0000000100000000)
  region size 1024K, 1 young (1024K), 1 survivors (1024K)
 Metaspace       used 123914K, capacity 126993K, committed 127256K, reserved 1159168K
  class space    used 15404K, capacity 16601K, committed 16740K, reserved 1048576K
}
Event: 845.123 GC heap before
{Heap before GC invocations=37 (full 0):
 garbage-first heap   total 273408K, used 229791K [0x0000000080000000, 0x0000000100000000)
  region size 1024K, 105 young (107520K), 1 survivors (1024K)
 Metaspace       used 124477K, capacity 127679K, committed 127768K, reserved 1161216K
  class space    used 15438K, capacity 16658K, committed 16740K, reserved 1048576K
}
Event: 845.135 GC heap after
{Heap after GC invocations=38 (full 0):
 garbage-first heap   total 273408K, used 118377K [0x0000000080000000, 0x0000000100000000)
  region size 1024K, 8 young (8192K), 8 survivors (8192K)
 Metaspace       used 124477K, capacity 127679K, committed 127768K, reserved 1161216K
  class space    used 15438K, capacity 16658K, committed 16740K, reserved 1048576K
}
Event: 845.232 GC heap before
{Heap before GC invocations=38 (full 0):
 garbage-first heap   total 273408K, used 122473K [0x0000000080000000, 0x0000000100000000)
  region size 1024K, 13 young (13312K), 8 survivors (8192K)
 Metaspace       used 124493K, capacity 127682K, committed 127768K, reserved 1161216K
  class space    used 15439K, capacity 16659K, committed 16740K, reserved 1048576K
}
Event: 845.247 GC heap after
{Heap after GC invocations=39 (full 0):
 garbage-first heap   total 273408K, used 110818K [0x0000000080000000, 0x0000000100000000)
  region size 1024K, 2 young (2048K), 2 survivors (2048K)
 Metaspace       used 124493K, capacity 127682K, committed 127768K, reserved 1161216K
  class space    used 15439K, capacity 16659K, committed 16740K, reserved 1048576K
}
Event: 1503.945 GC heap before
{Heap before GC invocations=39 (full 0):
 garbage-first heap   total 273408K, used 231650K [0x0000000080000000, 0x0000000100000000)
  region size 1024K, 108 young (110592K), 2 survivors (2048K)
 Metaspace       used 125060K, capacity 128287K, committed 128536K, reserved 1161216K
  class space    used 15467K, capacity 16710K, committed 16740K, reserved 1048576K
}
Event: 1503.950 GC heap after
{Heap after GC invocations=40 (full 0):
 garbage-first heap   total 273408K, used 111933K [0x0000000080000000, 0x0000000100000000)
  region size 1024K, 3 young (3072K), 3 survivors (3072K)
 Metaspace       used 125060K, capacity 128287K, committed 128536K, reserved 1161216K
  class space    used 15467K, capacity 16710K, committed 16740K, reserved 1048576K
}
Event: 1506.721 GC heap before
{Heap before GC invocations=40 (full 0):
 garbage-first heap   total 273408K, used 223549K [0x0000000080000000, 0x0000000100000000)
  region size 1024K, 114 young (116736K), 3 survivors (3072K)
 Metaspace       used 126217K, capacity 129491K, committed 129688K, reserved 1163264K
  class space    used 15580K, capacity 16828K, committed 16868K, reserved 1048576K
}
Event: 1506.744 GC heap after
{Heap after GC invocations=41 (full 0):
 garbage-first heap   total 273408K, used 120986K [0x0000000080000000, 0x0000000100000000)
  region size 1024K, 12 young (12288K), 12 survivors (12288K)
 Metaspace       used 126217K, capacity 129491K, committed 129688K, reserved 1163264K
  class space    used 15580K, capacity 16828K, committed 16868K, reserved 1048576K
}

