# JRE version: OpenJDK Runtime Environment (11.0.12+7) (build 11.0.12+7-b1504.28-7817840)
# Java VM: OpenJDK 64-Bit Server VM (11.0.12+7-b1504.28-7817840, mixed mode, tiered, compressed oops, g1 gc, windows-amd64)
Heap:
 garbage-first heap   total 131072K, used 33370K [0x0000000080000000, 0x0000000100000000)
  region size 1024K, 19 young (19456K), 6 survivors (6144K)
 Metaspace       used 37027K, capacity 37863K, committed 38092K, reserved 1083392K
  class space    used 4769K, capacity 5084K, committed 5120K, reserved 1048576K
GC Heap History (16 events):
Event: 0.912 GC heap before
{Heap before GC invocations=0 (full 0):
 garbage-first heap   total 131072K, used 20480K [0x0000000080000000, 0x0000000100000000)
  region size 1024K, 14 young (14336K), 0 survivors (0K)
 Metaspace       used 6739K, capacity 6925K, committed 7168K, reserved 1056768K
  class space    used 582K, capacity 650K, committed 768K, reserved 1048576K
}
Event: 0.917 GC heap after
{Heap after GC invocations=1 (full 0):
 garbage-first heap   total 131072K, used 7962K [0x0000000080000000, 0x0000000100000000)
  region size 1024K, 2 young (2048K), 2 survivors (2048K)
 Metaspace       used 6739K, capacity 6925K, committed 7168K, reserved 1056768K
  class space    used 582K, capacity 650K, committed 768K, reserved 1048576K
}
Event: 1.338 GC heap before
{Heap before GC invocations=1 (full 0):
 garbage-first heap   total 131072K, used 20250K [0x0000000080000000, 0x0000000100000000)
  region size 1024K, 14 young (14336K), 2 survivors (2048K)
 Metaspace       used 9897K, capacity 10118K, committed 10368K, reserved 1058816K
  class space    used 1027K, capacity 1102K, committed 1152K, reserved 1048576K
}
Event: 1.341 GC heap after
{Heap after GC invocations=2 (full 0):
 garbage-first heap   total 131072K, used 9185K [0x0000000080000000, 0x0000000100000000)
  region size 1024K, 2 young (2048K), 2 survivors (2048K)
 Metaspace       used 9897K, capacity 10118K, committed 10368K, reserved 1058816K
  class space    used 1027K, capacity 1102K, committed 1152K, reserved 1048576K
}
Event: 2.499 GC heap before
{Heap before GC invocations=2 (full 0):
 garbage-first heap   total 131072K, used 48097K [0x0000000080000000, 0x0000000100000000)
  region size 1024K, 40 young (40960K), 2 survivors (2048K)
 Metaspace       used 10951K, capacity 11201K, committed 11520K, reserved 1058816K
  class space    used 1137K, capacity 1207K, committed 1280K, reserved 1048576K
}
Event: 2.505 GC heap after
{Heap after GC invocations=3 (full 0):
 garbage-first heap   total 131072K, used 13753K [0x0000000080000000, 0x0000000100000000)
  region size 1024K, 5 young (5120K), 5 survivors (5120K)
 Metaspace       used 10951K, capacity 11201K, committed 11520K, reserved 1058816K
  class space    used 1137K, capacity 1207K, committed 1280K, reserved 1048576K
}
Event: 9.895 GC heap before
{Heap before GC invocations=3 (full 0):
 garbage-first heap   total 131072K, used 65977K [0x0000000080000000, 0x0000000100000000)
  region size 1024K, 56 young (57344K), 5 survivors (5120K)
 Metaspace       used 19560K, capacity 19943K, committed 20224K, reserved 1067008K
  class space    used 2388K, capacity 2504K, committed 2560K, reserved 1048576K
}
Event: 9.905 GC heap after
{Heap after GC invocations=4 (full 0):
 garbage-first heap   total 131072K, used 16402K [0x0000000080000000, 0x0000000100000000)
  region size 1024K, 3 young (3072K), 3 survivors (3072K)
 Metaspace       used 19560K, capacity 19943K, committed 20224K, reserved 1067008K
  class space    used 2388K, capacity 2504K, committed 2560K, reserved 1048576K
}
Event: 10.110 GC heap before
{Heap before GC invocations=4 (full 0):
 garbage-first heap   total 131072K, used 26642K [0x0000000080000000, 0x0000000100000000)
  region size 1024K, 14 young (14336K), 3 survivors (3072K)
 Metaspace       used 20716K, capacity 21135K, committed 21248K, reserved 1067008K
  class space    used 2540K, capacity 2710K, committed 2816K, reserved 1048576K
}
Event: 10.115 GC heap after
{Heap after GC invocations=5 (full 0):
 garbage-first heap   total 131072K, used 16997K [0x0000000080000000, 0x0000000100000000)
  region size 1024K, 4 young (4096K), 4 survivors (4096K)
 Metaspace       used 20716K, capacity 21135K, committed 21248K, reserved 1067008K
  class space    used 2540K, capacity 2710K, committed 2816K, reserved 1048576K
}
Event: 10.777 GC heap before
{Heap before GC invocations=6 (full 0):
 garbage-first heap   total 131072K, used 66149K [0x0000000080000000, 0x0000000100000000)
  region size 1024K, 53 young (54272K), 4 survivors (4096K)
 Metaspace       used 25895K, capacity 26387K, committed 26624K, reserved 1073152K
  class space    used 3347K, capacity 3551K, committed 3584K, reserved 1048576K
}
Event: 10.784 GC heap after
{Heap after GC invocations=7 (full 0):
 garbage-first heap   total 131072K, used 18845K [0x0000000080000000, 0x0000000100000000)
  region size 1024K, 6 young (6144K), 6 survivors (6144K)
 Metaspace       used 25895K, capacity 26387K, committed 26624K, reserved 1073152K
  class space    used 3347K, capacity 3551K, committed 3584K, reserved 1048576K
}
Event: 11.542 GC heap before
{Heap before GC invocations=7 (full 0):
 garbage-first heap   total 131072K, used 72093K [0x0000000080000000, 0x0000000100000000)
  region size 1024K, 58 young (59392K), 6 survivors (6144K)
 Metaspace       used 31272K, capacity 31975K, committed 32128K, reserved 1077248K
  class space    used 4172K, capacity 4441K, committed 4480K, reserved 1048576K
}
Event: 11.551 GC heap after
{Heap after GC invocations=8 (full 0):
 garbage-first heap   total 131072K, used 20191K [0x0000000080000000, 0x0000000100000000)
  region size 1024K, 4 young (4096K), 4 survivors (4096K)
 Metaspace       used 31272K, capacity 31975K, committed 32128K, reserved 1077248K
  class space    used 4172K, capacity 4441K, committed 4480K, reserved 1048576K
}
Event: 11.880 GC heap before
{Heap before GC invocations=8 (full 0):
 garbage-first heap   total 131072K, used 29407K [0x0000000080000000, 0x0000000100000000)
  region size 1024K, 14 young (14336K), 4 survivors (4096K)
 Metaspace       used 34958K, capacity 35787K, committed 35840K, reserved 1081344K
  class space    used 4531K, capacity 4839K, committed 4864K, reserved 1048576K
}
Event: 11.895 GC heap after
{Heap after GC invocations=9 (full 0):
 garbage-first heap   total 131072K, used 22106K [0x0000000080000000, 0x0000000100000000)
  region size 1024K, 6 young (6144K), 6 survivors (6144K)
 Metaspace       used 34958K, capacity 35787K, committed 35840K, reserved 1081344K
  class space    used 4531K, capacity 4839K, committed 4864K, reserved 1048576K
}

