# JRE version: OpenJDK Runtime Environment (11.0.12+7) (build 11.0.12+7-b1504.28-7817840)
# Java VM: OpenJDK 64-Bit Server VM (11.0.12+7-b1504.28-7817840, mixed mode, tiered, compressed oops, g1 gc, windows-amd64)
Heap:
 garbage-first heap   total 437248K, used 284745K [0x0000000080000000, 0x0000000100000000)
  region size 1024K, 55 young (56320K), 8 survivors (8192K)
 Metaspace       used 125043K, capacity 128121K, committed 128376K, reserved 1161216K
  class space    used 15820K, capacity 16963K, committed 17024K, reserved 1048576K
GC Heap History (20 events):
Event: 26.773 GC heap before
{Heap before GC invocations=32 (full 0):
 garbage-first heap   total 227328K, used 185230K [0x0000000080000000, 0x0000000100000000)
  region size 1024K, 53 young (54272K), 10 survivors (10240K)
 Metaspace       used 106034K, capacity 108391K, committed 108664K, reserved 1142784K
  class space    used 13454K, capacity 14370K, committed 14464K, reserved 1048576K
}
Event: 26.816 GC heap after
{Heap after GC invocations=33 (full 0):
 garbage-first heap   total 227328K, used 151129K [0x0000000080000000, 0x0000000100000000)
  region size 1024K, 7 young (7168K), 7 survivors (7168K)
 Metaspace       used 106034K, capacity 108391K, committed 108664K, reserved 1142784K
  class space    used 13454K, capacity 14370K, committed 14464K, reserved 1048576K
}
Event: 27.085 GC heap before
{Heap before GC invocations=33 (full 0):
 garbage-first heap   total 227328K, used 185945K [0x0000000080000000, 0x0000000100000000)
  region size 1024K, 42 young (43008K), 7 survivors (7168K)
 Metaspace       used 107737K, capacity 110111K, committed 110328K, reserved 1144832K
  class space    used 13660K, capacity 14577K, committed 14592K, reserved 1048576K
}
Event: 27.116 GC heap after
{Heap after GC invocations=34 (full 0):
 garbage-first heap   total 227328K, used 163794K [0x0000000080000000, 0x0000000100000000)
  region size 1024K, 6 young (6144K), 6 survivors (6144K)
 Metaspace       used 107737K, capacity 110111K, committed 110328K, reserved 1144832K
  class space    used 13660K, capacity 14577K, committed 14592K, reserved 1048576K
}
Event: 27.606 GC heap before
{Heap before GC invocations=34 (full 0):
 garbage-first heap   total 227328K, used 188370K [0x0000000080000000, 0x0000000100000000)
  region size 1024K, 30 young (30720K), 6 survivors (6144K)
 Metaspace       used 108917K, capacity 111295K, committed 111480K, reserved 1146880K
  class space    used 13769K, capacity 14673K, committed 14720K, reserved 1048576K
}
Event: 27.629 GC heap after
{Heap after GC invocations=35 (full 0):
 garbage-first heap   total 227328K, used 173056K [0x0000000080000000, 0x0000000100000000)
  region size 1024K, 4 young (4096K), 4 survivors (4096K)
 Metaspace       used 108917K, capacity 111295K, committed 111480K, reserved 1146880K
  class space    used 13769K, capacity 14673K, committed 14720K, reserved 1048576K
}
Event: 27.883 GC heap before
{Heap before GC invocations=36 (full 0):
 garbage-first heap   total 227328K, used 190464K [0x0000000080000000, 0x0000000100000000)
  region size 1024K, 21 young (21504K), 4 survivors (4096K)
 Metaspace       used 109458K, capacity 111755K, committed 112120K, reserved 1146880K
  class space    used 13827K, capacity 14724K, committed 14848K, reserved 1048576K
}
Event: 27.903 GC heap after
{Heap after GC invocations=37 (full 0):
 garbage-first heap   total 335872K, used 180224K [0x0000000080000000, 0x0000000100000000)
  region size 1024K, 3 young (3072K), 3 survivors (3072K)
 Metaspace       used 109458K, capacity 111755K, committed 112120K, reserved 1146880K
  class space    used 13827K, capacity 14724K, committed 14848K, reserved 1048576K
}
Event: 28.652 GC heap before
{Heap before GC invocations=37 (full 0):
 garbage-first heap   total 335872K, used 208896K [0x0000000080000000, 0x0000000100000000)
  region size 1024K, 32 young (32768K), 3 survivors (3072K)
 Metaspace       used 110429K, capacity 112771K, committed 113016K, reserved 1146880K
  class space    used 13964K, capacity 14874K, committed 14976K, reserved 1048576K
}
Event: 28.683 GC heap after
{Heap after GC invocations=38 (full 0):
 garbage-first heap   total 335872K, used 194560K [0x0000000080000000, 0x0000000100000000)
  region size 1024K, 7 young (7168K), 7 survivors (7168K)
 Metaspace       used 110429K, capacity 112771K, committed 113016K, reserved 1146880K
  class space    used 13964K, capacity 14874K, committed 14976K, reserved 1048576K
}
Event: 29.712 GC heap before
{Heap before GC invocations=39 (full 0):
 garbage-first heap   total 335872K, used 238592K [0x0000000080000000, 0x0000000100000000)
  region size 1024K, 48 young (49152K), 7 survivors (7168K)
 Metaspace       used 113251K, capacity 115696K, committed 115960K, reserved 1150976K
  class space    used 14368K, capacity 15292K, committed 15360K, reserved 1048576K
}
Event: 29.757 GC heap after
{Heap after GC invocations=40 (full 0):
 garbage-first heap   total 335872K, used 214890K [0x0000000080000000, 0x0000000100000000)
  region size 1024K, 7 young (7168K), 7 survivors (7168K)
 Metaspace       used 113251K, capacity 115696K, committed 115960K, reserved 1150976K
  class space    used 14368K, capacity 15292K, committed 15360K, reserved 1048576K
}
Event: 30.526 GC heap before
{Heap before GC invocations=40 (full 0):
 garbage-first heap   total 335872K, used 241514K [0x0000000080000000, 0x0000000100000000)
  region size 1024K, 45 young (46080K), 7 survivors (7168K)
 Metaspace       used 114563K, capacity 117019K, committed 117112K, reserved 1150976K
  class space    used 14497K, capacity 15466K, committed 15488K, reserved 1048576K
}
Event: 30.564 GC heap after
{Heap after GC invocations=41 (full 0):
 garbage-first heap   total 335872K, used 209920K [0x0000000080000000, 0x0000000100000000)
  region size 1024K, 6 young (6144K), 6 survivors (6144K)
 Metaspace       used 114563K, capacity 117019K, committed 117112K, reserved 1150976K
  class space    used 14497K, capacity 15466K, committed 15488K, reserved 1048576K
}
Event: 31.106 GC heap before
{Heap before GC invocations=42 (full 0):
 garbage-first heap   total 335872K, used 251904K [0x0000000080000000, 0x0000000100000000)
  region size 1024K, 48 young (49152K), 6 survivors (6144K)
 Metaspace       used 117024K, capacity 119681K, committed 119800K, reserved 1153024K
  class space    used 14750K, capacity 15755K, committed 15872K, reserved 1048576K
}
Event: 31.138 GC heap after
{Heap after GC invocations=43 (full 0):
 garbage-first heap   total 437248K, used 216543K [0x0000000080000000, 0x0000000100000000)
  region size 1024K, 6 young (6144K), 6 survivors (6144K)
 Metaspace       used 117024K, capacity 119681K, committed 119800K, reserved 1153024K
  class space    used 14750K, capacity 15755K, committed 15872K, reserved 1048576K
}
Event: 31.823 GC heap before
{Heap before GC invocations=43 (full 0):
 garbage-first heap   total 437248K, used 273887K [0x0000000080000000, 0x0000000100000000)
  region size 1024K, 63 young (64512K), 6 survivors (6144K)
 Metaspace       used 120376K, capacity 123316K, committed 123384K, reserved 1157120K
  class space    used 15264K, capacity 16353K, committed 16384K, reserved 1048576K
}
Event: 31.845 GC heap after
{Heap after GC invocations=44 (full 0):
 garbage-first heap   total 437248K, used 221527K [0x0000000080000000, 0x0000000100000000)
  region size 1024K, 5 young (5120K), 5 survivors (5120K)
 Metaspace       used 120376K, capacity 123316K, committed 123384K, reserved 1157120K
  class space    used 15264K, capacity 16353K, committed 16384K, reserved 1048576K
}
Event: 33.000 GC heap before
{Heap before GC invocations=45 (full 0):
 garbage-first heap   total 437248K, used 273751K [0x0000000080000000, 0x0000000100000000)
  region size 1024K, 51 young (52224K), 5 survivors (5120K)
 Metaspace       used 123754K, capacity 126721K, committed 126840K, reserved 1159168K
  class space    used 15657K, capacity 16759K, committed 16768K, reserved 1048576K
}
Event: 33.028 GC heap after
{Heap after GC invocations=46 (full 0):
 garbage-first heap   total 437248K, used 229449K [0x0000000080000000, 0x0000000100000000)
  region size 1024K, 8 young (8192K), 8 survivors (8192K)
 Metaspace       used 123754K, capacity 126721K, committed 126840K, reserved 1159168K
  class space    used 15657K, capacity 16759K, committed 16768K, reserved 1048576K
}

