# JRE version: OpenJDK Runtime Environment (11.0.12+7) (build 11.0.12+7-b1504.28-7817840)
# Java VM: OpenJDK 64-Bit Server VM (11.0.12+7-b1504.28-7817840, mixed mode, tiered, compressed oops, g1 gc, windows-amd64)
Heap:
 garbage-first heap   total 286720K, used 199074K [0x0000000080000000, 0x0000000100000000)
  region size 1024K, 50 young (51200K), 5 survivors (5120K)
 Metaspace       used 135395K, capacity 138908K, committed 139084K, reserved 1169408K
  class space    used 16870K, capacity 18231K, committed 18252K, reserved 1048576K
GC Heap History (20 events):
Event: 94.219 GC heap before
{Heap before GC invocations=82 (full 0):
 garbage-first heap   total 227328K, used 201474K [0x0000000080000000, 0x0000000100000000)
  region size 1024K, 11 young (11264K), 2 survivors (2048K)
 Metaspace       used 122325K, capacity 125273K, committed 125388K, reserved 1159168K
  class space    used 15172K, capacity 16283K, committed 16332K, reserved 1048576K
}
Event: 94.223 GC heap after
{Heap after GC invocations=83 (full 0):
 garbage-first heap   total 227328K, used 193676K [0x0000000080000000, 0x0000000100000000)
  region size 1024K, 1 young (1024K), 1 survivors (1024K)
 Metaspace       used 122325K, capacity 125273K, committed 125388K, reserved 1159168K
  class space    used 15172K, capacity 16283K, committed 16332K, reserved 1048576K
}
Event: 94.384 GC heap before
{Heap before GC invocations=83 (full 0):
 garbage-first heap   total 227328K, used 203916K [0x0000000080000000, 0x0000000100000000)
  region size 1024K, 11 young (11264K), 1 survivors (1024K)
 Metaspace       used 123225K, capacity 126239K, committed 126540K, reserved 1159168K
  class space    used 15281K, capacity 16392K, committed 16460K, reserved 1048576K
}
Event: 94.388 GC heap after
{Heap after GC invocations=84 (full 0):
 garbage-first heap   total 227328K, used 195009K [0x0000000080000000, 0x0000000100000000)
  region size 1024K, 2 young (2048K), 2 survivors (2048K)
 Metaspace       used 123225K, capacity 126239K, committed 126540K, reserved 1159168K
  class space    used 15281K, capacity 16392K, committed 16460K, reserved 1048576K
}
Event: 94.503 GC heap before
{Heap before GC invocations=84 (full 0):
 garbage-first heap   total 227328K, used 203201K [0x0000000080000000, 0x0000000100000000)
  region size 1024K, 11 young (11264K), 2 survivors (2048K)
 Metaspace       used 124044K, capacity 127089K, committed 127180K, reserved 1159168K
  class space    used 15397K, capacity 16506K, committed 16588K, reserved 1048576K
}
Event: 94.509 GC heap after
{Heap after GC invocations=85 (full 0):
 garbage-first heap   total 227328K, used 196181K [0x0000000080000000, 0x0000000100000000)
  region size 1024K, 2 young (2048K), 2 survivors (2048K)
 Metaspace       used 124044K, capacity 127089K, committed 127180K, reserved 1159168K
  class space    used 15397K, capacity 16506K, committed 16588K, reserved 1048576K
}
Event: 94.790 GC heap before
{Heap before GC invocations=85 (full 0):
 garbage-first heap   total 227328K, used 205397K [0x0000000080000000, 0x0000000100000000)
  region size 1024K, 11 young (11264K), 2 survivors (2048K)
 Metaspace       used 125649K, capacity 128719K, committed 128972K, reserved 1161216K
  class space    used 15593K, capacity 16730K, committed 16844K, reserved 1048576K
}
Event: 94.794 GC heap after
{Heap after GC invocations=86 (full 0):
 garbage-first heap   total 227328K, used 196966K [0x0000000080000000, 0x0000000100000000)
  region size 1024K, 1 young (1024K), 1 survivors (1024K)
 Metaspace       used 125649K, capacity 128719K, committed 128972K, reserved 1161216K
  class space    used 15593K, capacity 16730K, committed 16844K, reserved 1048576K
}
Event: 95.115 GC heap before
{Heap before GC invocations=87 (full 0):
 garbage-first heap   total 227328K, used 190822K [0x0000000080000000, 0x0000000100000000)
  region size 1024K, 11 young (11264K), 1 survivors (1024K)
 Metaspace       used 127203K, capacity 130248K, committed 130508K, reserved 1163264K
  class space    used 15824K, capacity 16961K, committed 17100K, reserved 1048576K
}
Event: 95.122 GC heap after
{Heap after GC invocations=88 (full 0):
 garbage-first heap   total 227328K, used 181519K [0x0000000080000000, 0x0000000100000000)
  region size 1024K, 2 young (2048K), 2 survivors (2048K)
 Metaspace       used 127203K, capacity 130248K, committed 130508K, reserved 1163264K
  class space    used 15824K, capacity 16961K, committed 17100K, reserved 1048576K
}
Event: 95.448 GC heap before
{Heap before GC invocations=88 (full 0):
 garbage-first heap   total 227328K, used 189711K [0x0000000080000000, 0x0000000100000000)
  region size 1024K, 11 young (11264K), 2 survivors (2048K)
 Metaspace       used 128804K, capacity 131962K, committed 132044K, reserved 1163264K
  class space    used 16087K, capacity 17300K, committed 17356K, reserved 1048576K
}
Event: 95.462 GC heap after
{Heap after GC invocations=89 (full 0):
 garbage-first heap   total 227328K, used 159398K [0x0000000080000000, 0x0000000100000000)
  region size 1024K, 1 young (1024K), 1 survivors (1024K)
 Metaspace       used 128804K, capacity 131962K, committed 132044K, reserved 1163264K
  class space    used 16087K, capacity 17300K, committed 17356K, reserved 1048576K
}
Event: 95.801 GC heap before
{Heap before GC invocations=89 (full 0):
 garbage-first heap   total 227328K, used 168614K [0x0000000080000000, 0x0000000100000000)
  region size 1024K, 11 young (11264K), 1 survivors (1024K)
 Metaspace       used 130648K, capacity 133947K, committed 134092K, reserved 1165312K
  class space    used 16374K, capacity 17602K, committed 17612K, reserved 1048576K
}
Event: 95.818 GC heap after
{Heap after GC invocations=90 (full 0):
 garbage-first heap   total 286720K, used 151555K [0x0000000080000000, 0x0000000100000000)
  region size 1024K, 2 young (2048K), 2 survivors (2048K)
 Metaspace       used 130648K, capacity 133947K, committed 134092K, reserved 1165312K
  class space    used 16374K, capacity 17602K, committed 17612K, reserved 1048576K
}
Event: 96.618 GC heap before
{Heap before GC invocations=90 (full 0):
 garbage-first heap   total 286720K, used 193539K [0x0000000080000000, 0x0000000100000000)
  region size 1024K, 44 young (45056K), 2 survivors (2048K)
 Metaspace       used 132329K, capacity 135606K, committed 135884K, reserved 1167360K
  class space    used 16559K, capacity 17823K, committed 17868K, reserved 1048576K
}
Event: 96.628 GC heap after
{Heap after GC invocations=91 (full 0):
 garbage-first heap   total 286720K, used 153065K [0x0000000080000000, 0x0000000100000000)
  region size 1024K, 4 young (4096K), 4 survivors (4096K)
 Metaspace       used 132329K, capacity 135606K, committed 135884K, reserved 1167360K
  class space    used 16559K, capacity 17823K, committed 17868K, reserved 1048576K
}
Event: 97.254 GC heap before
{Heap before GC invocations=91 (full 0):
 garbage-first heap   total 286720K, used 199145K [0x0000000080000000, 0x0000000100000000)
  region size 1024K, 49 young (50176K), 4 survivors (4096K)
 Metaspace       used 133205K, capacity 136576K, committed 136780K, reserved 1167360K
  class space    used 16638K, capacity 17932K, committed 17996K, reserved 1048576K
}
Event: 97.262 GC heap after
{Heap after GC invocations=92 (full 0):
 garbage-first heap   total 286720K, used 153727K [0x0000000080000000, 0x0000000100000000)
  region size 1024K, 4 young (4096K), 4 survivors (4096K)
 Metaspace       used 133205K, capacity 136576K, committed 136780K, reserved 1167360K
  class space    used 16638K, capacity 17932K, committed 17996K, reserved 1048576K
}
Event: 97.813 GC heap before
{Heap before GC invocations=92 (full 0):
 garbage-first heap   total 286720K, used 205951K [0x0000000080000000, 0x0000000100000000)
  region size 1024K, 55 young (56320K), 4 survivors (4096K)
 Metaspace       used 134272K, capacity 137666K, committed 137932K, reserved 1169408K
  class space    used 16740K, capacity 18060K, committed 18124K, reserved 1048576K
}
Event: 97.821 GC heap after
{Heap after GC invocations=93 (full 0):
 garbage-first heap   total 286720K, used 155042K [0x0000000080000000, 0x0000000100000000)
  region size 1024K, 5 young (5120K), 5 survivors (5120K)
 Metaspace       used 134272K, capacity 137666K, committed 137932K, reserved 1169408K
  class space    used 16740K, capacity 18060K, committed 18124K, reserved 1048576K
}

